<?xml version="1.0" encoding="UTF-8"?>
<!-- Generated by org.testng.reporters.JUnitXMLReporter -->
<testsuite ignored="0" hostname="RamLaptop" failures="2" tests="2" name="Test" time="19.991" errors="0" timestamp="2020-11-07T12:20:42 IST">
  <testcase classname="TestCases.NavigateHome" name="navigateHome" time="7.493">
    <failure type="java.lang.AssertionError" message="expected [true] but found [false]">
      <![CDATA[java.lang.AssertionError: expected [true] but found [false]
at TestCases.NavigateHome.navigateHome(NavigateHome.java:43)
at java.base/java.util.ArrayList.forEach(ArrayList.java:1507)
... Removed 31 stack frames]]>
    </failure>
  </testcase> <!-- navigateHome -->
  <testcase classname="TestCases.NavigateHome" name="navigateHome" time="5.581">
    <failure type="java.lang.AssertionError" message="expected [true] but found [false]">
      <![CDATA[java.lang.AssertionError: expected [true] but found [false]
at TestCases.NavigateHome.navigateHome(NavigateHome.java:43)
at java.base/java.util.ArrayList.forEach(ArrayList.java:1507)
... Removed 31 stack frames]]>
    </failure>
  </testcase> <!-- navigateHome -->
</testsuite> <!-- Test -->
