<?xml version="1.0" encoding="UTF-8"?>
<testng-results ignored="0" total="1" passed="0" failed="0" skipped="1">
  <reporter-output>
  </reporter-output>
  <suite started-at="2021-03-15T12:38:11 IST" name="Default suite" finished-at="2021-03-15T12:38:13 IST" duration-ms="2254">
    <groups>
    </groups>
    <test started-at="2021-03-15T12:38:11 IST" name="Default test" finished-at="2021-03-15T12:38:13 IST" duration-ms="2254">
      <class name="TestCases.Register">
        <test-method is-config="true" signature="initialize()[pri:0, instance:TestCases.Register@1a72a540]" started-at="2021-03-15T12:38:11 IST" name="initialize" finished-at="2021-03-15T12:38:13 IST" duration-ms="2128" status="FAIL">
          <exception class="org.openqa.selenium.SessionNotCreatedException">
            <message>
              <![CDATA[session not created: This version of ChromeDriver only supports Chrome version 86
Current browser version is 89.0.4389.82 with binary path C:\Program Files (x86)\Google\Chrome\Application\chrome.exe
Build info: version: '3.141.59', revision: 'e82be7d358', time: '2018-11-14T08:17:03'
System info: host: 'RAMLAPTOP', ip: '127.0.0.1', os.name: 'Windows 10', os.arch: 'amd64', os.version: '10.0', java.version: '13.0.1'
Driver info: driver.version: ChromeDriver
remote stacktrace: Backtrace:
Ordinal0 [0x003EC013+3194899]
Ordinal0 [0x002D6021+2056225]
Ordinal0 [0x0016F608+587272]
Ordinal0 [0x000F1BF3+72691]
Ordinal0 [0x000EE229+57897]
Ordinal0 [0x000EC64A+50762]
Ordinal0 [0x00111EE9+204521]
Ordinal0 [0x00111D0D+204045]
Ordinal0 [0x0010FC1B+195611]
Ordinal0 [0x000F3B7F+80767]
Ordinal0 [0x000F4B4E+84814]
Ordinal0 [0x000F4AD9+84697]
Ordinal0 [0x002ECE64+2149988]
GetHandleVerifier [0x0055BE95+1400773]
GetHandleVerifier [0x0055BB61+1399953]
GetHandleVerifier [0x005631FA+1430314]
GetHandleVerifier [0x0055C69F+1402831]
Ordinal0 [0x002E3D61+2112865]
Ordinal0 [0x002EE5CB+2155979]
Ordinal0 [0x002EE6F5+2156277]
Ordinal0 [0x002FF26E+2224750]
BaseThreadInitThunk [0x75C86359+25]
RtlGetAppContainerNamedObjectPath [0x77408964+228]
RtlGetAppContainerNamedObjectPath [0x77408934+180]
(No symbol) [0x00000000]
]]>
            </message>
            <full-stacktrace>
              <![CDATA[org.openqa.selenium.SessionNotCreatedException: session not created: This version of ChromeDriver only supports Chrome version 86
Current browser version is 89.0.4389.82 with binary path C:\Program Files (x86)\Google\Chrome\Application\chrome.exe
Build info: version: '3.141.59', revision: 'e82be7d358', time: '2018-11-14T08:17:03'
System info: host: 'RAMLAPTOP', ip: '127.0.0.1', os.name: 'Windows 10', os.arch: 'amd64', os.version: '10.0', java.version: '13.0.1'
Driver info: driver.version: ChromeDriver
remote stacktrace: Backtrace:
Ordinal0 [0x003EC013+3194899]
Ordinal0 [0x002D6021+2056225]
Ordinal0 [0x0016F608+587272]
Ordinal0 [0x000F1BF3+72691]
Ordinal0 [0x000EE229+57897]
Ordinal0 [0x000EC64A+50762]
Ordinal0 [0x00111EE9+204521]
Ordinal0 [0x00111D0D+204045]
Ordinal0 [0x0010FC1B+195611]
Ordinal0 [0x000F3B7F+80767]
Ordinal0 [0x000F4B4E+84814]
Ordinal0 [0x000F4AD9+84697]
Ordinal0 [0x002ECE64+2149988]
GetHandleVerifier [0x0055BE95+1400773]
GetHandleVerifier [0x0055BB61+1399953]
GetHandleVerifier [0x005631FA+1430314]
GetHandleVerifier [0x0055C69F+1402831]
Ordinal0 [0x002E3D61+2112865]
Ordinal0 [0x002EE5CB+2155979]
Ordinal0 [0x002EE6F5+2156277]
Ordinal0 [0x002FF26E+2224750]
BaseThreadInitThunk [0x75C86359+25]
RtlGetAppContainerNamedObjectPath [0x77408964+228]
RtlGetAppContainerNamedObjectPath [0x77408934+180]
(No symbol) [0x00000000]

at java.base/jdk.internal.reflect.NativeConstructorAccessorImpl.newInstance0(Native Method)
at java.base/jdk.internal.reflect.NativeConstructorAccessorImpl.newInstance(NativeConstructorAccessorImpl.java:62)
at java.base/jdk.internal.reflect.DelegatingConstructorAccessorImpl.newInstance(DelegatingConstructorAccessorImpl.java:45)
at java.base/java.lang.reflect.Constructor.newInstanceWithCaller(Constructor.java:500)
at java.base/java.lang.reflect.Constructor.newInstance(Constructor.java:481)
at org.openqa.selenium.remote.W3CHandshakeResponse.lambda$errorHandler$0(W3CHandshakeResponse.java:62)
at org.openqa.selenium.remote.HandshakeResponse.lambda$getResponseFunction$0(HandshakeResponse.java:30)
at org.openqa.selenium.remote.ProtocolHandshake.lambda$createSession$0(ProtocolHandshake.java:126)
at java.base/java.util.stream.ReferencePipeline$3$1.accept(ReferencePipeline.java:195)
at java.base/java.util.Spliterators$ArraySpliterator.tryAdvance(Spliterators.java:958)
at java.base/java.util.stream.ReferencePipeline.forEachWithCancel(ReferencePipeline.java:127)
at java.base/java.util.stream.AbstractPipeline.copyIntoWithCancel(AbstractPipeline.java:502)
at java.base/java.util.stream.AbstractPipeline.copyInto(AbstractPipeline.java:488)
at java.base/java.util.stream.AbstractPipeline.wrapAndCopyInto(AbstractPipeline.java:474)
at java.base/java.util.stream.FindOps$FindOp.evaluateSequential(FindOps.java:150)
at java.base/java.util.stream.AbstractPipeline.evaluate(AbstractPipeline.java:234)
at java.base/java.util.stream.ReferencePipeline.findFirst(ReferencePipeline.java:543)
at org.openqa.selenium.remote.ProtocolHandshake.createSession(ProtocolHandshake.java:128)
at org.openqa.selenium.remote.ProtocolHandshake.createSession(ProtocolHandshake.java:74)
at org.openqa.selenium.remote.HttpCommandExecutor.execute(HttpCommandExecutor.java:136)
at org.openqa.selenium.remote.service.DriverCommandExecutor.execute(DriverCommandExecutor.java:83)
at org.openqa.selenium.remote.RemoteWebDriver.execute(RemoteWebDriver.java:552)
at org.openqa.selenium.remote.RemoteWebDriver.startSession(RemoteWebDriver.java:213)
at org.openqa.selenium.remote.RemoteWebDriver.<init>(RemoteWebDriver.java:131)
at org.openqa.selenium.chrome.ChromeDriver.<init>(ChromeDriver.java:181)
at org.openqa.selenium.chrome.ChromeDriver.<init>(ChromeDriver.java:168)
at org.openqa.selenium.chrome.ChromeDriver.<init>(ChromeDriver.java:123)
at resources.Base.initializedriver(Base.java:33)
at TestCases.Register.initialize(Register.java:22)
at java.base/jdk.internal.reflect.NativeMethodAccessorImpl.invoke0(Native Method)
at java.base/jdk.internal.reflect.NativeMethodAccessorImpl.invoke(NativeMethodAccessorImpl.java:62)
at java.base/jdk.internal.reflect.DelegatingMethodAccessorImpl.invoke(DelegatingMethodAccessorImpl.java:43)
at java.base/java.lang.reflect.Method.invoke(Method.java:567)
at org.testng.internal.MethodInvocationHelper.invokeMethod(MethodInvocationHelper.java:132)
at org.testng.internal.MethodInvocationHelper.invokeMethodConsideringTimeout(MethodInvocationHelper.java:61)
at org.testng.internal.ConfigInvoker.invokeConfigurationMethod(ConfigInvoker.java:366)
at org.testng.internal.ConfigInvoker.invokeConfigurations(ConfigInvoker.java:320)
at org.testng.TestRunner.invokeTestConfigurations(TestRunner.java:617)
at org.testng.TestRunner.beforeRun(TestRunner.java:607)
at org.testng.TestRunner.run(TestRunner.java:578)
at org.testng.SuiteRunner.runTest(SuiteRunner.java:384)
at org.testng.SuiteRunner.runSequentially(SuiteRunner.java:378)
at org.testng.SuiteRunner.privateRun(SuiteRunner.java:337)
at org.testng.SuiteRunner.run(SuiteRunner.java:286)
at org.testng.SuiteRunnerWorker.runSuite(SuiteRunnerWorker.java:53)
at org.testng.SuiteRunnerWorker.run(SuiteRunnerWorker.java:96)
at org.testng.TestNG.runSuitesSequentially(TestNG.java:1218)
at org.testng.TestNG.runSuitesLocally(TestNG.java:1140)
at org.testng.TestNG.runSuites(TestNG.java:1069)
at org.testng.TestNG.run(TestNG.java:1037)
at org.testng.remote.AbstractRemoteTestNG.run(AbstractRemoteTestNG.java:115)
at org.testng.remote.RemoteTestNG.initAndRun(RemoteTestNG.java:251)
at org.testng.remote.RemoteTestNG.main(RemoteTestNG.java:77)
]]>
            </full-stacktrace>
          </exception> <!-- org.openqa.selenium.SessionNotCreatedException -->
          <reporter-output>
          </reporter-output>
        </test-method> <!-- initialize -->
        <test-method signature="Register()[pri:0, instance:TestCases.Register@1a72a540]" started-at="2021-03-15T12:38:13 IST" name="Register" finished-at="2021-03-15T12:38:13 IST" duration-ms="0" status="SKIP">
          <exception class="org.openqa.selenium.SessionNotCreatedException">
            <message>
              <![CDATA[session not created: This version of ChromeDriver only supports Chrome version 86
Current browser version is 89.0.4389.82 with binary path C:\Program Files (x86)\Google\Chrome\Application\chrome.exe
Build info: version: '3.141.59', revision: 'e82be7d358', time: '2018-11-14T08:17:03'
System info: host: 'RAMLAPTOP', ip: '127.0.0.1', os.name: 'Windows 10', os.arch: 'amd64', os.version: '10.0', java.version: '13.0.1'
Driver info: driver.version: ChromeDriver
remote stacktrace: Backtrace:
Ordinal0 [0x003EC013+3194899]
Ordinal0 [0x002D6021+2056225]
Ordinal0 [0x0016F608+587272]
Ordinal0 [0x000F1BF3+72691]
Ordinal0 [0x000EE229+57897]
Ordinal0 [0x000EC64A+50762]
Ordinal0 [0x00111EE9+204521]
Ordinal0 [0x00111D0D+204045]
Ordinal0 [0x0010FC1B+195611]
Ordinal0 [0x000F3B7F+80767]
Ordinal0 [0x000F4B4E+84814]
Ordinal0 [0x000F4AD9+84697]
Ordinal0 [0x002ECE64+2149988]
GetHandleVerifier [0x0055BE95+1400773]
GetHandleVerifier [0x0055BB61+1399953]
GetHandleVerifier [0x005631FA+1430314]
GetHandleVerifier [0x0055C69F+1402831]
Ordinal0 [0x002E3D61+2112865]
Ordinal0 [0x002EE5CB+2155979]
Ordinal0 [0x002EE6F5+2156277]
Ordinal0 [0x002FF26E+2224750]
BaseThreadInitThunk [0x75C86359+25]
RtlGetAppContainerNamedObjectPath [0x77408964+228]
RtlGetAppContainerNamedObjectPath [0x77408934+180]
(No symbol) [0x00000000]
]]>
            </message>
            <full-stacktrace>
              <![CDATA[org.openqa.selenium.SessionNotCreatedException: session not created: This version of ChromeDriver only supports Chrome version 86
Current browser version is 89.0.4389.82 with binary path C:\Program Files (x86)\Google\Chrome\Application\chrome.exe
Build info: version: '3.141.59', revision: 'e82be7d358', time: '2018-11-14T08:17:03'
System info: host: 'RAMLAPTOP', ip: '127.0.0.1', os.name: 'Windows 10', os.arch: 'amd64', os.version: '10.0', java.version: '13.0.1'
Driver info: driver.version: ChromeDriver
remote stacktrace: Backtrace:
Ordinal0 [0x003EC013+3194899]
Ordinal0 [0x002D6021+2056225]
Ordinal0 [0x0016F608+587272]
Ordinal0 [0x000F1BF3+72691]
Ordinal0 [0x000EE229+57897]
Ordinal0 [0x000EC64A+50762]
Ordinal0 [0x00111EE9+204521]
Ordinal0 [0x00111D0D+204045]
Ordinal0 [0x0010FC1B+195611]
Ordinal0 [0x000F3B7F+80767]
Ordinal0 [0x000F4B4E+84814]
Ordinal0 [0x000F4AD9+84697]
Ordinal0 [0x002ECE64+2149988]
GetHandleVerifier [0x0055BE95+1400773]
GetHandleVerifier [0x0055BB61+1399953]
GetHandleVerifier [0x005631FA+1430314]
GetHandleVerifier [0x0055C69F+1402831]
Ordinal0 [0x002E3D61+2112865]
Ordinal0 [0x002EE5CB+2155979]
Ordinal0 [0x002EE6F5+2156277]
Ordinal0 [0x002FF26E+2224750]
BaseThreadInitThunk [0x75C86359+25]
RtlGetAppContainerNamedObjectPath [0x77408964+228]
RtlGetAppContainerNamedObjectPath [0x77408934+180]
(No symbol) [0x00000000]

at java.base/jdk.internal.reflect.NativeConstructorAccessorImpl.newInstance0(Native Method)
at java.base/jdk.internal.reflect.NativeConstructorAccessorImpl.newInstance(NativeConstructorAccessorImpl.java:62)
at java.base/jdk.internal.reflect.DelegatingConstructorAccessorImpl.newInstance(DelegatingConstructorAccessorImpl.java:45)
at java.base/java.lang.reflect.Constructor.newInstanceWithCaller(Constructor.java:500)
at java.base/java.lang.reflect.Constructor.newInstance(Constructor.java:481)
at org.openqa.selenium.remote.W3CHandshakeResponse.lambda$errorHandler$0(W3CHandshakeResponse.java:62)
at org.openqa.selenium.remote.HandshakeResponse.lambda$getResponseFunction$0(HandshakeResponse.java:30)
at org.openqa.selenium.remote.ProtocolHandshake.lambda$createSession$0(ProtocolHandshake.java:126)
at java.base/java.util.stream.ReferencePipeline$3$1.accept(ReferencePipeline.java:195)
at java.base/java.util.Spliterators$ArraySpliterator.tryAdvance(Spliterators.java:958)
at java.base/java.util.stream.ReferencePipeline.forEachWithCancel(ReferencePipeline.java:127)
at java.base/java.util.stream.AbstractPipeline.copyIntoWithCancel(AbstractPipeline.java:502)
at java.base/java.util.stream.AbstractPipeline.copyInto(AbstractPipeline.java:488)
at java.base/java.util.stream.AbstractPipeline.wrapAndCopyInto(AbstractPipeline.java:474)
at java.base/java.util.stream.FindOps$FindOp.evaluateSequential(FindOps.java:150)
at java.base/java.util.stream.AbstractPipeline.evaluate(AbstractPipeline.java:234)
at java.base/java.util.stream.ReferencePipeline.findFirst(ReferencePipeline.java:543)
at org.openqa.selenium.remote.ProtocolHandshake.createSession(ProtocolHandshake.java:128)
at org.openqa.selenium.remote.ProtocolHandshake.createSession(ProtocolHandshake.java:74)
at org.openqa.selenium.remote.HttpCommandExecutor.execute(HttpCommandExecutor.java:136)
at org.openqa.selenium.remote.service.DriverCommandExecutor.execute(DriverCommandExecutor.java:83)
at org.openqa.selenium.remote.RemoteWebDriver.execute(RemoteWebDriver.java:552)
at org.openqa.selenium.remote.RemoteWebDriver.startSession(RemoteWebDriver.java:213)
at org.openqa.selenium.remote.RemoteWebDriver.<init>(RemoteWebDriver.java:131)
at org.openqa.selenium.chrome.ChromeDriver.<init>(ChromeDriver.java:181)
at org.openqa.selenium.chrome.ChromeDriver.<init>(ChromeDriver.java:168)
at org.openqa.selenium.chrome.ChromeDriver.<init>(ChromeDriver.java:123)
at resources.Base.initializedriver(Base.java:33)
at TestCases.Register.initialize(Register.java:22)
at java.base/jdk.internal.reflect.NativeMethodAccessorImpl.invoke0(Native Method)
at java.base/jdk.internal.reflect.NativeMethodAccessorImpl.invoke(NativeMethodAccessorImpl.java:62)
at java.base/jdk.internal.reflect.DelegatingMethodAccessorImpl.invoke(DelegatingMethodAccessorImpl.java:43)
at java.base/java.lang.reflect.Method.invoke(Method.java:567)
at org.testng.internal.MethodInvocationHelper.invokeMethod(MethodInvocationHelper.java:132)
at org.testng.internal.MethodInvocationHelper.invokeMethodConsideringTimeout(MethodInvocationHelper.java:61)
at org.testng.internal.ConfigInvoker.invokeConfigurationMethod(ConfigInvoker.java:366)
at org.testng.internal.ConfigInvoker.invokeConfigurations(ConfigInvoker.java:320)
at org.testng.TestRunner.invokeTestConfigurations(TestRunner.java:617)
at org.testng.TestRunner.beforeRun(TestRunner.java:607)
at org.testng.TestRunner.run(TestRunner.java:578)
at org.testng.SuiteRunner.runTest(SuiteRunner.java:384)
at org.testng.SuiteRunner.runSequentially(SuiteRunner.java:378)
at org.testng.SuiteRunner.privateRun(SuiteRunner.java:337)
at org.testng.SuiteRunner.run(SuiteRunner.java:286)
at org.testng.SuiteRunnerWorker.runSuite(SuiteRunnerWorker.java:53)
at org.testng.SuiteRunnerWorker.run(SuiteRunnerWorker.java:96)
at org.testng.TestNG.runSuitesSequentially(TestNG.java:1218)
at org.testng.TestNG.runSuitesLocally(TestNG.java:1140)
at org.testng.TestNG.runSuites(TestNG.java:1069)
at org.testng.TestNG.run(TestNG.java:1037)
at org.testng.remote.AbstractRemoteTestNG.run(AbstractRemoteTestNG.java:115)
at org.testng.remote.RemoteTestNG.initAndRun(RemoteTestNG.java:251)
at org.testng.remote.RemoteTestNG.main(RemoteTestNG.java:77)
]]>
            </full-stacktrace>
          </exception> <!-- org.openqa.selenium.SessionNotCreatedException -->
          <reporter-output>
          </reporter-output>
        </test-method> <!-- Register -->
        <test-method is-config="true" signature="close()[pri:0, instance:TestCases.Register@1a72a540]" started-at="2021-03-15T12:38:13 IST" name="close" finished-at="1970-01-01T05:30:00 IST" duration-ms="-1615792093605" status="SKIP">
          <reporter-output>
          </reporter-output>
        </test-method> <!-- close -->
      </class> <!-- TestCases.Register -->
    </test> <!-- Default test -->
  </suite> <!-- Default suite -->
</testng-results>
